#
# There is insufficient memory for the Java Runtime Environment to continue.
# Native memory allocation (malloc) failed to allocate 1021376 bytes for Chunk::new
# Possible reasons:
#   The system is out of physical RAM or swap space
#   The process is running with CompressedOops enabled, and the Java Heap may be blocking the growth of the native heap
# Possible solutions:
#   Reduce memory load on the system
#   Increase physical memory or swap space
#   Check if swap backing store is full
#   Decrease Java heap size (-Xmx/-Xms)
#   Decrease number of Java threads
#   Decrease Java thread stack sizes (-Xss)
#   Set larger code cache with -XX:ReservedCodeCacheSize=
#   JVM is running with Zero Based Compressed Oops mode in which the Java heap is
#     placed in the first 32GB address space. The Java Heap base address is the
#     maximum limit for the native heap growth. Please use -XX:HeapBaseMinAddress
#     to set the Java Heap base and to place the Java Heap above 32GB virtual address.
# This output file may be truncated or incomplete.
#
#  Out of Memory Error (allocation.cpp:389), pid=15056, tid=0x0000000000002a64
#
# JRE version: Java(TM) SE Runtime Environment (8.0_281-b09) (build 1.8.0_281-b09)
# Java VM: Java HotSpot(TM) 64-Bit Server VM (25.281-b09 mixed mode windows-amd64 compressed oops)
# Failed to write core dump. Minidumps are not enabled by default on client versions of Windows
#

---------------  T H R E A D  ---------------

Current thread (0x0000024d96cd0800):  JavaThread "C2 CompilerThread1" daemon [_thread_in_native, id=10852, stack(0x000000a0bbc00000,0x000000a0bbd00000)]

Stack: [0x000000a0bbc00000,0x000000a0bbd00000]
Native frames: (J=compiled Java code, j=interpreted, Vv=VM code, C=native code)
V  [jvm.dll+0x32e5b9]
V  [jvm.dll+0x275012]
V  [jvm.dll+0x275cbd]
V  [jvm.dll+0x26c6f5]
V  [jvm.dll+0xd51fc]
V  [jvm.dll+0xd59fc]
V  [jvm.dll+0x4523f2]
V  [jvm.dll+0x48d85d]
V  [jvm.dll+0x4423f1]
V  [jvm.dll+0x43f664]
V  [jvm.dll+0x42a5e7]
V  [jvm.dll+0xabe9b]
V  [jvm.dll+0xaa4fb]
V  [jvm.dll+0x23d6b2]
V  [jvm.dll+0x291cbc]
C  [ucrtbase.dll+0x21bb2]
C  [KERNEL32.DLL+0x17034]
C  [ntdll.dll+0x52651]


Current CompileTask:
C2:   1999 2277   !   4       org.codehaus.plexus.interpolation.StringSearchInterpolator::interpolate (650 bytes)


---------------  P R O C E S S  ---------------

Java Threads: ( => current thread )
  0x0000024d96dfd800 JavaThread "Service Thread" daemon [_thread_blocked, id=6392, stack(0x000000a0bc700000,0x000000a0bc800000)]
  0x0000024d96ce9800 JavaThread "C1 CompilerThread11" daemon [_thread_blocked, id=1908, stack(0x000000a0bc600000,0x000000a0bc700000)]
  0x0000024d96ceb000 JavaThread "C1 CompilerThread10" daemon [_thread_blocked, id=14564, stack(0x000000a0bc500000,0x000000a0bc600000)]
  0x0000024d96cee800 JavaThread "C1 CompilerThread9" daemon [_thread_blocked, id=27092, stack(0x000000a0bc400000,0x000000a0bc500000)]
  0x0000024d96ce8800 JavaThread "C1 CompilerThread8" daemon [_thread_blocked, id=3944, stack(0x000000a0bc300000,0x000000a0bc400000)]
  0x0000024d96cef800 JavaThread "C2 CompilerThread7" daemon [_thread_in_native, id=7052, stack(0x000000a0bc200000,0x000000a0bc300000)]
  0x0000024d96cee000 JavaThread "C2 CompilerThread6" daemon [_thread_in_native, id=24084, stack(0x000000a0bc100000,0x000000a0bc200000)]
  0x0000024d96ced000 JavaThread "C2 CompilerThread5" daemon [_thread_in_native, id=14176, stack(0x000000a0bc000000,0x000000a0bc100000)]
  0x0000024d96ce4800 JavaThread "C2 CompilerThread4" daemon [_thread_in_native, id=26664, stack(0x000000a0bbf00000,0x000000a0bc000000)]
  0x0000024d96cd5000 JavaThread "C2 CompilerThread3" daemon [_thread_in_native, id=7516, stack(0x000000a0bbe00000,0x000000a0bbf00000)]
  0x0000024d96cd2800 JavaThread "C2 CompilerThread2" daemon [_thread_in_native, id=12616, stack(0x000000a0bbd00000,0x000000a0bbe00000)]
=>0x0000024d96cd0800 JavaThread "C2 CompilerThread1" daemon [_thread_in_native, id=10852, stack(0x000000a0bbc00000,0x000000a0bbd00000)]
  0x0000024d96cd0000 JavaThread "C2 CompilerThread0" daemon [_thread_in_native, id=19364, stack(0x000000a0bbb00000,0x000000a0bbc00000)]
  0x0000024d96ccd000 JavaThread "Monitor Ctrl-Break" daemon [_thread_in_native, id=19940, stack(0x000000a0bba00000,0x000000a0bbb00000)]
  0x0000024d96ca5800 JavaThread "Attach Listener" daemon [_thread_blocked, id=17300, stack(0x000000a0bb900000,0x000000a0bba00000)]
  0x0000024d96c50000 JavaThread "Signal Dispatcher" daemon [_thread_blocked, id=15620, stack(0x000000a0bb800000,0x000000a0bb900000)]
  0x0000024dfd366000 JavaThread "Finalizer" daemon [_thread_blocked, id=25744, stack(0x000000a0bb700000,0x000000a0bb800000)]
  0x0000024d96c30800 JavaThread "Reference Handler" daemon [_thread_blocked, id=3888, stack(0x000000a0bb600000,0x000000a0bb700000)]
  0x0000024df9654000 JavaThread "main" [_thread_in_Java, id=8544, stack(0x000000a0ba700000,0x000000a0ba800000)]

Other Threads:
  0x0000024dfd358000 VMThread [stack: 0x000000a0bb500000,0x000000a0bb600000] [id=4320]
  0x0000024d96e02000 WatcherThread [stack: 0x000000a0bc800000,0x000000a0bc900000] [id=27200]

VM state:not at safepoint (normal execution)

VM Mutex/Monitor currently owned by a thread: None

heap address: 0x00000006ca000000, size: 3936 MB, Compressed Oops mode: Zero based, Oop shift amount: 3
Narrow klass base: 0x0000000000000000, Narrow klass shift: 3
Compressed class space size: 1073741824 Address: 0x00000007c0000000

Heap:
 PSYoungGen      total 73728K, used 31510K [0x000000076e000000, 0x0000000773200000, 0x00000007c0000000)
  eden space 63488K, 33% used [0x000000076e000000,0x000000076f4c6558,0x0000000771e00000)
  from space 10240K, 99% used [0x0000000772800000,0x00000007731ff620,0x0000000773200000)
  to   space 10240K, 0% used [0x0000000771e00000,0x0000000771e00000,0x0000000772800000)
 ParOldGen       total 167936K, used 1967K [0x00000006ca000000, 0x00000006d4400000, 0x000000076e000000)
  object space 167936K, 1% used [0x00000006ca000000,0x00000006ca1ebfd0,0x00000006d4400000)
 Metaspace       used 16173K, capacity 16456K, committed 16640K, reserved 1064960K
  class space    used 1928K, capacity 2011K, committed 2048K, reserved 1048576K

Card table byte_map: [0x0000024dfb3a0000,0x0000024dfbb60000] byte_map_base: 0x0000024df7d50000

Marking Bits: (ParMarkBitMap*) 0x00000000731f6ff0
 Begin Bits: [0x0000024d8f000000, 0x0000024d92d80000)
 End Bits:   [0x0000024d92d80000, 0x0000024d96b00000)

Polling page: 0x0000024dfafb0000

CodeCache: size=245760Kb used=10699Kb max_used=10699Kb free=235060Kb
 bounds [0x0000024d80000000, 0x0000024d80a80000, 0x0000024d8f000000]
 total_blobs=2910 nmethods=2534 adapters=283
 compilation: enabled

Compilation events (10 events):
Event: 1.973 Thread 0x0000024d96cee800 2515       1       java.util.Collections$SingletonSet::size (2 bytes)
Event: 1.973 Thread 0x0000024d96ceb000 2516       1       org.eclipse.aether.DefaultRepositorySystemSession::getRepositoryListener (5 bytes)
Event: 1.973 Thread 0x0000024d96cee800 nmethod 2515 0x0000024d80a474d0 code [0x0000024d80a47620, 0x0000024d80a47738]
Event: 1.973 Thread 0x0000024d96ceb000 nmethod 2516 0x0000024d80a47210 code [0x0000024d80a47360, 0x0000024d80a47478]
Event: 1.974 Thread 0x0000024d96ce8800 2517       1       org.eclipse.aether.resolution.ArtifactRequest::getRequestContext (5 bytes)
Event: 1.974 Thread 0x0000024d96ce8800 nmethod 2517 0x0000024d80a46f50 code [0x0000024d80a470a0, 0x0000024d80a471b8]
Event: 1.976 Thread 0x0000024d96ce9800 2518       1       org.eclipse.aether.repository.LocalArtifactResult::getRepository (5 bytes)
Event: 1.976 Thread 0x0000024d96ceb000 2519       1       org.eclipse.aether.RepositoryEvent::getSession (5 bytes)
Event: 1.976 Thread 0x0000024d96ce9800 nmethod 2518 0x0000024d80a46c90 code [0x0000024d80a46de0, 0x0000024d80a46ef8]
Event: 1.976 Thread 0x0000024d96ceb000 nmethod 2519 0x0000024d80a469d0 code [0x0000024d80a46b20, 0x0000024d80a46c38]

GC Heap History (4 events):
Event: 1.286 GC heap before
{Heap before GC invocations=1 (full 0):
 PSYoungGen      total 73728K, used 63488K [0x000000076e000000, 0x0000000773200000, 0x00000007c0000000)
  eden space 63488K, 100% used [0x000000076e000000,0x0000000771e00000,0x0000000771e00000)
  from space 10240K, 0% used [0x0000000772800000,0x0000000772800000,0x0000000773200000)
  to   space 10240K, 0% used [0x0000000771e00000,0x0000000771e00000,0x0000000772800000)
 ParOldGen       total 167936K, used 0K [0x00000006ca000000, 0x00000006d4400000, 0x000000076e000000)
  object space 167936K, 0% used [0x00000006ca000000,0x00000006ca000000,0x00000006d4400000)
 Metaspace       used 11208K, capacity 11340K, committed 11520K, reserved 1058816K
  class space    used 1361K, capacity 1413K, committed 1536K, reserved 1048576K
Event: 1.291 GC heap after
Heap after GC invocations=1 (full 0):
 PSYoungGen      total 73728K, used 8762K [0x000000076e000000, 0x0000000773200000, 0x00000007c0000000)
  eden space 63488K, 0% used [0x000000076e000000,0x000000076e000000,0x0000000771e00000)
  from space 10240K, 85% used [0x0000000771e00000,0x000000077268e940,0x0000000772800000)
  to   space 10240K, 0% used [0x0000000772800000,0x0000000772800000,0x0000000773200000)
 ParOldGen       total 167936K, used 16K [0x00000006ca000000, 0x00000006d4400000, 0x000000076e000000)
  object space 167936K, 0% used [0x00000006ca000000,0x00000006ca004000,0x00000006d4400000)
 Metaspace       used 11208K, capacity 11340K, committed 11520K, reserved 1058816K
  class space    used 1361K, capacity 1413K, committed 1536K, reserved 1048576K
}
Event: 1.871 GC heap before
{Heap before GC invocations=2 (full 0):
 PSYoungGen      total 73728K, used 72250K [0x000000076e000000, 0x0000000773200000, 0x00000007c0000000)
  eden space 63488K, 100% used [0x000000076e000000,0x0000000771e00000,0x0000000771e00000)
  from space 10240K, 85% used [0x0000000771e00000,0x000000077268e940,0x0000000772800000)
  to   space 10240K, 0% used [0x0000000772800000,0x0000000772800000,0x0000000773200000)
 ParOldGen       total 167936K, used 16K [0x00000006ca000000, 0x00000006d4400000, 0x000000076e000000)
  object space 167936K, 0% used [0x00000006ca000000,0x00000006ca004000,0x00000006d4400000)
 Metaspace       used 15924K, capacity 16258K, committed 16384K, reserved 1062912K
  class space    used 1917K, capacity 2010K, committed 2048K, reserved 1048576K
Event: 1.877 GC heap after
Heap after GC invocations=2 (full 0):
 PSYoungGen      total 73728K, used 10237K [0x000000076e000000, 0x0000000773200000, 0x00000007c0000000)
  eden space 63488K, 0% used [0x000000076e000000,0x000000076e000000,0x0000000771e00000)
  from space 10240K, 99% used [0x0000000772800000,0x00000007731ff620,0x0000000773200000)
  to   space 10240K, 0% used [0x0000000771e00000,0x0000000771e00000,0x0000000772800000)
 ParOldGen       total 167936K, used 1967K [0x00000006ca000000, 0x00000006d4400000, 0x000000076e000000)
  object space 167936K, 1% used [0x00000006ca000000,0x00000006ca1ebfd0,0x00000006d4400000)
 Metaspace       used 15924K, capacity 16258K, committed 16384K, reserved 1062912K
  class space    used 1917K, capacity 2010K, committed 2048K, reserved 1048576K
}

Deoptimization events (10 events):
Event: 1.643 Thread 0x0000024df9654000 Uncommon trap: reason=unstable_if action=reinterpret pc=0x0000024d803cd29c method=java.lang.AbstractStringBuilder.append(Ljava/lang/String;)Ljava/lang/AbstractStringBuilder; @ 1
Event: 1.665 Thread 0x0000024df9654000 Uncommon trap: reason=unstable_if action=reinterpret pc=0x0000024d8038a69c method=java.lang.String.replace(CC)Ljava/lang/String; @ 2
Event: 1.705 Thread 0x0000024df9654000 Uncommon trap: reason=unstable_if action=reinterpret pc=0x0000024d80849934 method=java.lang.reflect.AccessibleObject.setAccessible0(Ljava/lang/reflect/AccessibleObject;Z)V @ 4
Event: 1.713 Thread 0x0000024df9654000 Uncommon trap: reason=unstable_if action=reinterpret pc=0x0000024d80802c70 method=org.codehaus.plexus.util.xml.pull.MXParser.nextImpl()I @ 879
Event: 1.728 Thread 0x0000024df9654000 Uncommon trap: reason=unstable_if action=reinterpret pc=0x0000024d80801e64 method=java.lang.String.trim()Ljava/lang/String; @ 63
Event: 1.732 Thread 0x0000024df9654000 Uncommon trap: reason=unstable_if action=reinterpret pc=0x0000024d808861c4 method=sun.nio.cs.UTF_8$Decoder.decodeArrayLoop(Ljava/nio/ByteBuffer;Ljava/nio/CharBuffer;)Ljava/nio/charset/CoderResult; @ 167
Event: 1.737 Thread 0x0000024df9654000 Uncommon trap: reason=null_check action=make_not_entrant pc=0x0000024d8089895c method=org.apache.maven.model.io.xpp3.MavenXpp3ReaderEx.checkFieldWithDuplicate(Lorg/codehaus/plexus/util/xml/pull/XmlPullParser;Ljava/lang/String;Ljava/lang/String;Ljava/util/
Event: 1.743 Thread 0x0000024df9654000 Uncommon trap: reason=unstable_if action=reinterpret pc=0x0000024d8089e764 method=org.codehaus.plexus.util.xml.pull.MXParser.nextImpl()I @ 310
Event: 1.774 Thread 0x0000024df9654000 Uncommon trap: reason=unstable_if action=reinterpret pc=0x0000024d8054a8f4 method=java.lang.String.regionMatches(ZILjava/lang/String;II)Z @ 25
Event: 1.939 Thread 0x0000024df9654000 Uncommon trap: reason=unstable_if action=reinterpret pc=0x0000024d80a1dfbc method=java.lang.Integer.parseInt(Ljava/lang/String;I)I @ 197

Classes redefined (0 events):
No events

Internal exceptions (10 events):
Event: 1.038 Thread 0x0000024df9654000 Exception <a 'java/lang/ArrayIndexOutOfBoundsException'> (0x000000076fd28028) thrown at [C:\jenkins\workspace\8-2-build-windows-amd64-cygwin\jdk8u281\880\hotspot\src\share\vm\runtime\sharedRuntime.cpp, line 609]
Event: 1.112 Thread 0x0000024df9654000 Exception <a 'java/lang/ArrayIndexOutOfBoundsException': 73> (0x00000007709255e0) thrown at [C:\jenkins\workspace\8-2-build-windows-amd64-cygwin\jdk8u281\880\hotspot\src\share\vm\interpreter\interpreterRuntime.cpp, line 371]
Event: 1.112 Thread 0x0000024df9654000 Exception <a 'java/lang/ArrayIndexOutOfBoundsException': 131> (0x0000000770926f88) thrown at [C:\jenkins\workspace\8-2-build-windows-amd64-cygwin\jdk8u281\880\hotspot\src\share\vm\interpreter\interpreterRuntime.cpp, line 371]
Event: 1.505 Thread 0x0000024df9654000 Exception <a 'java/lang/NoClassDefFoundError': com/google/inject/servlet/ServletModuleTargetVisitor> (0x000000076f7bdff0) thrown at [C:\jenkins\workspace\8-2-build-windows-amd64-cygwin\jdk8u281\880\hotspot\src\share\vm\classfile\systemDictionary.cpp, line
Event: 1.505 Thread 0x0000024df9654000 Exception <a 'java/lang/NoClassDefFoundError'> (0x000000076f7bdff0) thrown at [C:\jenkins\workspace\8-2-build-windows-amd64-cygwin\jdk8u281\880\hotspot\src\share\vm\prims\jvm.cpp, line 1516]
Event: 1.505 Thread 0x0000024df9654000 Exception <a 'java/lang/NoClassDefFoundError': javax/annotation/Priority> (0x000000076f7c29d0) thrown at [C:\jenkins\workspace\8-2-build-windows-amd64-cygwin\jdk8u281\880\hotspot\src\share\vm\classfile\systemDictionary.cpp, line 201]
Event: 1.573 Thread 0x0000024df9654000 Implicit null exception at 0x0000024d803c8e9c to 0x0000024d803c906d
Event: 1.643 Thread 0x0000024df9654000 Implicit null exception at 0x0000024d8049d356 to 0x0000024d8049d6e1
Event: 1.643 Thread 0x0000024df9654000 Implicit null exception at 0x0000024d803cced4 to 0x0000024d803cd285
Event: 1.736 Thread 0x0000024df9654000 Implicit null exception at 0x0000024d80897679 to 0x0000024d80898951

Events (10 events):
Event: 1.963 loading class org/apache/maven/lifecycle/internal/GoalTask
Event: 1.963 loading class org/apache/maven/lifecycle/internal/GoalTask done
Event: 1.964 loading class org/apache/maven/plugin/DefaultPluginDescriptorCache$CacheKey
Event: 1.964 loading class org/apache/maven/plugin/DefaultPluginDescriptorCache$CacheKey done
Event: 1.970 loading class org/apache/maven/repository/internal/DefaultModelCache
Event: 1.970 loading class org/apache/maven/repository/internal/DefaultModelCache done
Event: 1.970 loading class org/apache/maven/repository/internal/DefaultModelResolver
Event: 1.970 loading class org/apache/maven/repository/internal/DefaultModelResolver done
Event: 1.972 loading class org/apache/maven/repository/internal/DefaultModelCache$Key
Event: 1.972 loading class org/apache/maven/repository/internal/DefaultModelCache$Key done


Dynamic libraries:
0x00007ff6467d0000 - 0x00007ff646817000 	F:\Java\jdk8\bin\java.exe
0x00007ffe2bab0000 - 0x00007ffe2bca8000 	C:\Windows\SYSTEM32\ntdll.dll
0x00007ffe2b9b0000 - 0x00007ffe2ba6d000 	C:\Windows\System32\KERNEL32.DLL
0x00007ffe29810000 - 0x00007ffe29ade000 	C:\Windows\System32\KERNELBASE.dll
0x00007ffe2af10000 - 0x00007ffe2afbe000 	C:\Windows\System32\ADVAPI32.dll
0x00007ffe29bb0000 - 0x00007ffe29c4e000 	C:\Windows\System32\msvcrt.dll
0x00007ffe29b10000 - 0x00007ffe29bac000 	C:\Windows\System32\sechost.dll
0x00007ffe2a470000 - 0x00007ffe2a595000 	C:\Windows\System32\RPCRT4.dll
0x00007ffe29c50000 - 0x00007ffe29df0000 	C:\Windows\System32\USER32.dll
0x00007ffe297e0000 - 0x00007ffe29802000 	C:\Windows\System32\win32u.dll
0x00007ffe2a820000 - 0x00007ffe2a84a000 	C:\Windows\System32\GDI32.dll
0x00007ffe291d0000 - 0x00007ffe292db000 	C:\Windows\System32\gdi32full.dll
0x00007ffe296d0000 - 0x00007ffe2976d000 	C:\Windows\System32\msvcp_win.dll
0x00007ffe295d0000 - 0x00007ffe296d0000 	C:\Windows\System32\ucrtbase.dll
0x00007ffe17e10000 - 0x00007ffe180aa000 	C:\Windows\WinSxS\amd64_microsoft.windows.common-controls_6595b64144ccf1df_6.0.19041.1110_none_60b5254171f9507e\COMCTL32.dll
0x00007ffe2b780000 - 0x00007ffe2b7b0000 	C:\Windows\System32\IMM32.DLL
0x00007ffe17740000 - 0x00007ffe17755000 	F:\Java\jdk8\jre\bin\vcruntime140.dll
0x00007ffe0a880000 - 0x00007ffe0a91b000 	F:\Java\jdk8\jre\bin\msvcp140.dll
0x0000000072a10000 - 0x000000007326f000 	F:\Java\jdk8\jre\bin\server\jvm.dll
0x00007ffe2a330000 - 0x00007ffe2a338000 	C:\Windows\System32\PSAPI.DLL
0x00007ffe28c70000 - 0x00007ffe28c7a000 	C:\Windows\SYSTEM32\VERSION.dll
0x00007ffe12250000 - 0x00007ffe12259000 	C:\Windows\SYSTEM32\WSOCK32.dll
0x00007ffe2a2c0000 - 0x00007ffe2a32b000 	C:\Windows\System32\WS2_32.dll
0x00007ffe1bbf0000 - 0x00007ffe1bc17000 	C:\Windows\SYSTEM32\WINMM.dll
0x00007ffe279f0000 - 0x00007ffe27a02000 	C:\Windows\SYSTEM32\kernel.appcore.dll
0x00007ffe22bc0000 - 0x00007ffe22bd0000 	F:\Java\jdk8\jre\bin\verify.dll
0x00007ffe0dab0000 - 0x00007ffe0dadb000 	F:\Java\jdk8\jre\bin\java.dll
0x00007ffe0c7f0000 - 0x00007ffe0c820000 	F:\Java\jdk8\jre\bin\instrument.dll
0x00007ffe176e0000 - 0x00007ffe176f8000 	F:\Java\jdk8\jre\bin\zip.dll
0x00007ffe2b030000 - 0x00007ffe2b774000 	C:\Windows\System32\SHELL32.dll
0x00007ffe26f00000 - 0x00007ffe27694000 	C:\Windows\SYSTEM32\windows.storage.dll
0x00007ffe2aa00000 - 0x00007ffe2ad54000 	C:\Windows\System32\combase.dll
0x00007ffe28bc0000 - 0x00007ffe28bf0000 	C:\Windows\SYSTEM32\Wldp.dll
0x00007ffe2a860000 - 0x00007ffe2a90d000 	C:\Windows\System32\SHCORE.dll
0x00007ffe2afd0000 - 0x00007ffe2b025000 	C:\Windows\System32\shlwapi.dll
0x00007ffe29110000 - 0x00007ffe2912f000 	C:\Windows\SYSTEM32\profapi.dll
0x00007ffe1af00000 - 0x00007ffe1af1a000 	F:\IDEA\IntelliJ IDEA 2020.3.2\bin\breakgen64.dll
0x00007ffe14900000 - 0x00007ffe1491c000 	F:\java\jdk8\jre\bin\net.dll
0x00007ffe28920000 - 0x00007ffe2898a000 	C:\Windows\system32\mswsock.dll
0x00007ffe28b20000 - 0x00007ffe28b38000 	C:\Windows\SYSTEM32\CRYPTSP.dll
0x00007ffe28230000 - 0x00007ffe28264000 	C:\Windows\system32\rsaenh.dll
0x00007ffe29ae0000 - 0x00007ffe29b07000 	C:\Windows\System32\bcrypt.dll
0x00007ffe29090000 - 0x00007ffe290be000 	C:\Windows\SYSTEM32\USERENV.dll
0x00007ffe292e0000 - 0x00007ffe29362000 	C:\Windows\System32\bcryptprimitives.dll
0x00007ffe28b10000 - 0x00007ffe28b1c000 	C:\Windows\SYSTEM32\CRYPTBASE.dll
0x00007ffe285a0000 - 0x00007ffe285db000 	C:\Windows\SYSTEM32\IPHLPAPI.DLL
0x00007ffe2afc0000 - 0x00007ffe2afc8000 	C:\Windows\System32\NSI.dll
0x00007ffe1fdf0000 - 0x00007ffe1fe07000 	C:\Windows\SYSTEM32\dhcpcsvc6.DLL
0x00007ffe1fd10000 - 0x00007ffe1fd2d000 	C:\Windows\SYSTEM32\dhcpcsvc.DLL
0x00007ffe285e0000 - 0x00007ffe286ab000 	C:\Windows\SYSTEM32\DNSAPI.dll
0x00007ffe0c040000 - 0x00007ffe0c053000 	F:\java\jdk8\jre\bin\nio.dll
0x00007ffe221d0000 - 0x00007ffe221da000 	C:\Users\Edsion\AppData\Local\Temp\jansi-1.17-4886702197856436706.dll
0x00007ffe1a320000 - 0x00007ffe1a32a000 	C:\Users\Edsion\AppData\Local\Temp\jansi-1.17-3774589727926848539.dll
0x00007ffe277e0000 - 0x00007ffe279c4000 	C:\Windows\SYSTEM32\dbghelp.dll

VM Arguments:
jvm_args: -Dmaven.multiModuleProjectDirectory=F:\code-dev\community-master -Dmaven.home=F:\yinyong\apache-maven-3.5.3 -Dclassworlds.conf=F:\yinyong\apache-maven-3.5.3\bin\m2.conf -Dmaven.ext.class.path=F:\IDEA\IntelliJ IDEA 2020.3.2\plugins\maven\lib\maven-event-listener.jar -javaagent:F:\IDEA\IntelliJ IDEA 2020.3.2\lib\idea_rt.jar=58285:F:\IDEA\IntelliJ IDEA 2020.3.2\bin -Dfile.encoding=UTF-8 
java_command: org.codehaus.classworlds.Launcher -Didea.version=2020.3.2 install
java_class_path (initial): F:\yinyong\apache-maven-3.5.3\boot\plexus-classworlds-2.5.2.jar;F:\IDEA\IntelliJ IDEA 2020.3.2\lib\idea_rt.jar
Launcher Type: SUN_STANDARD

Environment Variables:
JAVA_HOME=F:\java\jdk8
JRE_HOME=F:\java\jre
CLASSPATH=.;F:\java\jdk8\lib;F:\java\jdk8\lib\tools.jar; F:\yinyong\apache-tomcat-9.0.41\lib\servlet-api.jar
PATH=F:\StudySoftWare\SecureCRT\;C:\Program Files\Common Files\Oracle\Java\javapath;C:\Program Files (x86)\Common Files\Oracle\Java\javapath;C:\Windows\system32;C:\Windows;C:\Windows\System32\Wbem;C:\Windows\System32\WindowsPowerShell\v1.0\;C:\Windows\System32\OpenSSH\;C:\Program Files (x86)\NVIDIA Corporation\PhysX\Common;C:\Program Files\NVIDIA Corporation\NVIDIA NvDLISR;F:\java\jdk8\bin;F:\java\jdk8\jre\bin;F:\yinyong\apache-tomcat-9.0.41\bin;F:\yinyong\apache-maven-3.5.3\bin;F:\学习软件\Git\cmd;C:\Program Files\OpenSSL-Win64\bin;F:\StudySoftWare\redis\redis;F:\StudySoftWare\elasticsearch-6.4.3\bin;F:\StudySoftWare\wkhtmltopdf\bin;F:\StudySoftWare\putty\;C:\Program Files\nodejs;F:\StudySoftWare\erl9.2\bin;F:\StudySoftWare\rabbitmq_server-3.7.7\sbin;C:\Users\Edsion\AppData\Local\Microsoft\WindowsApps;F:\vs code app\Microsoft VS Code\bin;C:\Users\Edsion\AppData\Roaming\npm;C:\Program Files\nodejs;
USERNAME=Edsion
OS=Windows_NT
PROCESSOR_IDENTIFIER=AMD64 Family 23 Model 96 Stepping 1, AuthenticAMD



---------------  S Y S T E M  ---------------

OS: Windows 10.0 , 64 bit Build 19041 (10.0.19041.1806)

CPU:total 16 (initial active 16) (16 cores per cpu, 1 threads per core) family 23 model 96 stepping 1, cmov, cx8, fxsr, mmx, sse, sse2, sse3, ssse3, sse4.1, sse4.2, popcnt, avx, avx2, aes, clmul, mmxext, 3dnowpref, lzcnt, sse4a, tsc, tscinvbit, tscinv, bmi1

Memory: 4k page, physical 16119108k(3485876k free), swap 29226304k(9068k free)

vm_info: Java HotSpot(TM) 64-Bit Server VM (25.281-b09) for windows-amd64 JRE (1.8.0_281-b09), built on Dec  9 2020 13:54:07 by "" with MS VC++ 15.9 (VS2017)

time: Wed Aug  3 11:24:41 2022
timezone: 中国标准时间
elapsed time: 2.004495 seconds (0d 0h 0m 2s)

